[09:37:26.932][info] [#0:/Users/travis_erard/.local/share/nvim/mason/packages/lua-language-server/libexec/main.lua:66]: Lua Lsp startup, root: 	/Users/travis_erard/.local/share/nvim/mason/packages/lua-language-server/libexec
[09:37:26.933][info] [#0:/Users/travis_erard/.local/share/nvim/mason/packages/lua-language-server/libexec/main.lua:67]: ROOT:	/Users/travis_erard/.local/share/nvim/mason/packages/lua-language-server/libexec
[09:37:26.933][info] [#0:/Users/travis_erard/.local/share/nvim/mason/packages/lua-language-server/libexec/main.lua:68]: LOGPATH:	/Users/travis_erard/.local/share/nvim/mason/packages/lua-language-server/libexec/log
[09:37:26.933][info] [#0:/Users/travis_erard/.local/share/nvim/mason/packages/lua-language-server/libexec/main.lua:69]: METAPATH:	/Users/travis_erard/.local/share/nvim/mason/packages/lua-language-server/libexec/meta
[09:37:26.934][info] [#0:/Users/travis_erard/.local/share/nvim/mason/packages/lua-language-server/libexec/main.lua:70]: VERSION:	3.6.22
[09:37:26.957][info] [#0:script/service/service.lua:144]: 
========= Medical Examination Report =========
    --------------- Memory ---------------
        Total: 1.319 MB
        # 00 : 1.319 MB
        # 01 : 0.000 MB
        # 02 : 0.000 MB
        # 03 : 0.000 MB
        # 04 : 0.000 MB
    --------------- Coroutine ---------------
        Total:     0
        Running:   0
        Suspended: 0
        Normal:    0
        Dead:      0
    --------------- Cache ---------------
        Total: 1
        Dead:  0
    ---------------  RPC  ---------------
        Holdon:   0
        Waiting:  0
==============================================
[09:37:26.960][info] [#0:script/client.lua:657]: Client init	{
  capabilities = {
    textDocument = {
      callHierarchy = {
        dynamicRegistration = false
      },
      codeAction = {
        codeActionLiteralSupport = {
          codeActionKind = {
            valueSet = { "", "quickfix", "refactor", "refactor.extract", "refactor.inline", "refactor.rewrite", "source", "source.organizeImports" }
          }
        },
        dataSupport = true,
        dynamicRegistration = false,
        isPreferredSupport = true,
        resolveSupport = {
          properties = { "edit" }
        }
      },
      completion = {
        completionItem = {
          commitCharactersSupport = true,
          deprecatedSupport = true,
          documentationFormat = { "markdown", "plaintext" },
          insertReplaceSupport = true,
          insertTextModeSupport = {
            valueSet = { 1, 2 }
          },
          labelDetailsSupport = true,
          preselectSupport = true,
          resolveSupport = {
            properties = { "documentation", "detail", "additionalTextEdits", "sortText", "filterText", "insertText", "textEdit", "insertTextFormat", "insertTextMode" }
          },
          snippetSupport = true,
          tagSupport = {
            valueSet = { 1 }
          }
        },
        completionItemKind = {
          valueSet = { 1, 2, 3, 4, 5, 6, 7, 8, 9, 10, 11, 12, 13, 14, 15, 16, 17, 18, 19, 20, 21, 22, 23, 24, 25 }
        },
        completionList = {
          itemDefaults = { "commitCharacters", "editRange", "insertTextFormat", "insertTextMode", "data" }
        },
        contextSupport = true,
        dynamicRegistration = false,
        insertTextMode = 1
      },
      declaration = {
        linkSupport = true
      },
      definition = {
        linkSupport = true
      },
      documentHighlight = {
        dynamicRegistration = false
      },
      documentSymbol = {
        dynamicRegistration = false,
        hierarchicalDocumentSymbolSupport = true,
        symbolKind = {
          valueSet = { 1, 2, 3, 4, 5, 6, 7, 8, 9, 10, 11, 12, 13, 14, 15, 16, 17, 18, 19, 20, 21, 22, 23, 24, 25, 26 }
        }
      },
      hover = {
        contentFormat = { "markdown", "plaintext" },
        dynamicRegistration = false
      },
      implementation = {
        linkSupport = true
      },
      publishDiagnostics = {
        relatedInformation = true,
        tagSupport = {
          valueSet = { 1, 2 }
        }
      },
      references = {
        dynamicRegistration = false
      },
      rename = {
        dynamicRegistration = false,
        prepareSupport = true
      },
      semanticTokens = {
        augmentsSyntaxTokens = true,
        dynamicRegistration = false,
        formats = { "relative" },
        multilineTokenSupport = false,
        overlappingTokenSupport = true,
        requests = {
          full = {
            delta = true
          },
          range = false
        },
        serverCancelSupport = false,
        tokenModifiers = { "declaration", "definition", "readonly", "static", "deprecated", "abstract", "async", "modification", "documentation", "defaultLibrary" },
        tokenTypes = { "namespace", "type", "class", "enum", "interface", "struct", "typeParameter", "parameter", "variable", "property", "enumMember", "event", "function", "method", "macro", "keyword", "modifier", "comment", "string", "number", "regexp", "operator", "decorator" }
      },
      signatureHelp = {
        dynamicRegistration = false,
        signatureInformation = {
          activeParameterSupport = true,
          documentationFormat = { "markdown", "plaintext" },
          parameterInformation = {
            labelOffsetSupport = true
          }
        }
      },
      synchronization = {
        didSave = true,
        dynamicRegistration = false,
        willSave = true,
        willSaveWaitUntil = true
      },
      typeDefinition = {
        linkSupport = true
      }
    },
    window = {
      showDocument = {
        support = true
      },
      showMessage = {
        messageActionItem = {
          additionalPropertiesSupport = false
        }
      },
      workDoneProgress = true
    },
    workspace = {
      applyEdit = true,
      configuration = true,
      didChangeWatchedFiles = {
        dynamicRegistration = false,
        relativePatternSupport = true
      },
      semanticTokens = {
        refreshSupport = true
      },
      symbol = {
        dynamicRegistration = false,
        hierarchicalWorkspaceSymbolSupport = true,
        symbolKind = {
          valueSet = { 1, 2, 3, 4, 5, 6, 7, 8, 9, 10, 11, 12, 13, 14, 15, 16, 17, 18, 19, 20, 21, 22, 23, 24, 25, 26 }
        }
      },
      workspaceEdit = {
        resourceOperations = { "rename", "create", "delete" }
      },
      workspaceFolders = true
    }
  },
  clientInfo = {
    name = "Neovim",
    version = "0.9.0"
  },
  initializationOptions = {},
  processId = 11741,
  rootPath = "/Users/travis_erard/dotfiles/nvim/.config/nvim/lua/",
  rootUri = "file:///Users/travis_erard/dotfiles/nvim/.config/nvim/lua/",
  trace = "off",
  workspaceFolders = { {
      name = "/Users/travis_erard/dotfiles/nvim/.config/nvim/lua/",
      uri = "file:///Users/travis_erard/dotfiles/nvim/.config/nvim/lua/"
    } }
}
[09:37:26.961][info] [#0:script/language.lua:137]: VSC language: nil
[09:37:26.961][info] [#0:script/language.lua:138]: LS  language: en-us
[09:37:26.961][info] [#0:script/workspace/workspace.lua:38]: Workspace init root: 	file:///Users/travis_erard/dotfiles/nvim/.config/nvim/lua/
[09:37:26.961][info] [#0:script/workspace/workspace.lua:42]: Log path: 	/Users/travis_erard/.local/share/nvim/mason/packages/lua-language-server/libexec/log/file_Users_travis_erard_dotfiles_nvim_.config_nvim_lua_.log
[09:37:26.964][info] [#0:script/workspace/workspace.lua:48]: Workspace create: 	file:///Users/travis_erard/dotfiles/nvim/.config/nvim/lua/
[09:37:26.965][info] [#0:script/provider/provider.lua:46]: Load config from client	file:///Users/travis_erard/dotfiles/nvim/.config/nvim/lua/
[09:37:26.965][info] [#0:script/provider/provider.lua:47]: {
  Lua = {
    diagnostics = {
      globals = { "vim" }
    },
    runtime = {
      path = { "./?.lua", "/opt/homebrew/share/luajit-2.1.0-beta3/?.lua", "/usr/local/share/lua/5.1/?.lua", "/usr/local/share/lua/5.1/?/init.lua", "/opt/homebrew/share/lua/5.1/?.lua", "/opt/homebrew/share/lua/5.1/?/init.lua", "/Users/travis_erard/.cache/nvim/packer_hererocks/2.1.0-beta3/share/lua/5.1/?.lua", "/Users/travis_erard/.cache/nvim/packer_hererocks/2.1.0-beta3/share/lua/5.1/?/init.lua", "/Users/travis_erard/.cache/nvim/packer_hererocks/2.1.0-beta3/lib/luarocks/rocks-5.1/?.lua", "/Users/travis_erard/.cache/nvim/packer_hererocks/2.1.0-beta3/lib/luarocks/rocks-5.1/?/init.lua", "lua/?.lua", "lua/?/init.lua" },
      version = "LuaJIT"
    },
    telemetry = {
      enable = false
    },
    workspace = {
      checkThirdParty = false,
      library = { "/opt/homebrew/Cellar/neovim/0.9.0/share/nvim/runtime/lua", "/Users/travis_erard/.config/nvim/lua" }
    }
  }
}
[09:37:26.965][info] [#0:script/provider/provider.lua:46]: Load config from client	file:///Users/travis_erard/dotfiles/nvim/.config/nvim/lua/
[09:37:26.965][info] [#0:script/provider/provider.lua:47]: {
  Lua = {
    diagnostics = {
      globals = { "vim" }
    },
    runtime = {
      path = { "./?.lua", "/opt/homebrew/share/luajit-2.1.0-beta3/?.lua", "/usr/local/share/lua/5.1/?.lua", "/usr/local/share/lua/5.1/?/init.lua", "/opt/homebrew/share/lua/5.1/?.lua", "/opt/homebrew/share/lua/5.1/?/init.lua", "/Users/travis_erard/.cache/nvim/packer_hererocks/2.1.0-beta3/share/lua/5.1/?.lua", "/Users/travis_erard/.cache/nvim/packer_hererocks/2.1.0-beta3/share/lua/5.1/?/init.lua", "/Users/travis_erard/.cache/nvim/packer_hererocks/2.1.0-beta3/lib/luarocks/rocks-5.1/?.lua", "/Users/travis_erard/.cache/nvim/packer_hererocks/2.1.0-beta3/lib/luarocks/rocks-5.1/?/init.lua", "lua/?.lua", "lua/?/init.lua" },
      version = "LuaJIT"
    },
    telemetry = {
      enable = false
    },
    workspace = {
      checkThirdParty = false,
      library = { "/opt/homebrew/Cellar/neovim/0.9.0/share/nvim/runtime/lua", "/Users/travis_erard/.config/nvim/lua" }
    }
  }
}
[09:37:26.966][info] [#0:script/provider/provider.lua:46]: Load config from client	file:///Users/travis_erard/dotfiles/nvim/.config/nvim/lua/
[09:37:26.966][info] [#0:script/provider/provider.lua:47]: {
  Lua = {
    diagnostics = {
      globals = { "vim" }
    },
    runtime = {
      path = { "./?.lua", "/opt/homebrew/share/luajit-2.1.0-beta3/?.lua", "/usr/local/share/lua/5.1/?.lua", "/usr/local/share/lua/5.1/?/init.lua", "/opt/homebrew/share/lua/5.1/?.lua", "/opt/homebrew/share/lua/5.1/?/init.lua", "/Users/travis_erard/.cache/nvim/packer_hererocks/2.1.0-beta3/share/lua/5.1/?.lua", "/Users/travis_erard/.cache/nvim/packer_hererocks/2.1.0-beta3/share/lua/5.1/?/init.lua", "/Users/travis_erard/.cache/nvim/packer_hererocks/2.1.0-beta3/lib/luarocks/rocks-5.1/?.lua", "/Users/travis_erard/.cache/nvim/packer_hererocks/2.1.0-beta3/lib/luarocks/rocks-5.1/?/init.lua", "lua/?.lua", "lua/?/init.lua" },
      version = "LuaJIT"
    },
    telemetry = {
      enable = false
    },
    workspace = {
      checkThirdParty = false,
      library = { "/opt/homebrew/Cellar/neovim/0.9.0/share/nvim/runtime/lua", "/Users/travis_erard/.config/nvim/lua" }
    }
  }
}
[09:37:26.966][info] [#0:script/provider/provider.lua:61]: Load config from client	fallback
[09:37:26.966][info] [#0:script/provider/provider.lua:62]: {
  Lua = {
    diagnostics = {
      globals = { "vim" }
    },
    runtime = {
      path = { "./?.lua", "/opt/homebrew/share/luajit-2.1.0-beta3/?.lua", "/usr/local/share/lua/5.1/?.lua", "/usr/local/share/lua/5.1/?/init.lua", "/opt/homebrew/share/lua/5.1/?.lua", "/opt/homebrew/share/lua/5.1/?/init.lua", "/Users/travis_erard/.cache/nvim/packer_hererocks/2.1.0-beta3/share/lua/5.1/?.lua", "/Users/travis_erard/.cache/nvim/packer_hererocks/2.1.0-beta3/share/lua/5.1/?/init.lua", "/Users/travis_erard/.cache/nvim/packer_hererocks/2.1.0-beta3/lib/luarocks/rocks-5.1/?.lua", "/Users/travis_erard/.cache/nvim/packer_hererocks/2.1.0-beta3/lib/luarocks/rocks-5.1/?/init.lua", "lua/?.lua", "lua/?/init.lua" },
      version = "LuaJIT"
    },
    telemetry = {
      enable = false
    },
    workspace = {
      checkThirdParty = false,
      library = { "/opt/homebrew/Cellar/neovim/0.9.0/share/nvim/runtime/lua", "/Users/travis_erard/.config/nvim/lua" }
    }
  }
}
[09:37:26.966][info] [#0:script/library.lua:212]: Init builtin library at:	file:///Users/travis_erard/dotfiles/nvim/.config/nvim/lua/
[09:37:26.981][info] [#0:script/plugin.lua:86]: plugin path:	/Users/travis_erard/dotfiles/nvim/.config/nvim/lua
[09:37:26.981][warn] [#0:script/plugin.lua:101]: plugin not found:	/Users/travis_erard/dotfiles/nvim/.config/nvim/lua
[09:37:26.981][info] [#0:script/library.lua:212]: Init builtin library at:	nil
[09:37:26.986][info] [#0:script/provider/provider.lua:61]: Load config from client	fallback
[09:37:26.986][info] [#0:script/provider/provider.lua:62]: {
  Lua = {
    diagnostics = {
      globals = { "vim" }
    },
    runtime = {
      path = { "./?.lua", "/opt/homebrew/share/luajit-2.1.0-beta3/?.lua", "/usr/local/share/lua/5.1/?.lua", "/usr/local/share/lua/5.1/?/init.lua", "/opt/homebrew/share/lua/5.1/?.lua", "/opt/homebrew/share/lua/5.1/?/init.lua", "/Users/travis_erard/.cache/nvim/packer_hererocks/2.1.0-beta3/share/lua/5.1/?.lua", "/Users/travis_erard/.cache/nvim/packer_hererocks/2.1.0-beta3/share/lua/5.1/?/init.lua", "/Users/travis_erard/.cache/nvim/packer_hererocks/2.1.0-beta3/lib/luarocks/rocks-5.1/?.lua", "/Users/travis_erard/.cache/nvim/packer_hererocks/2.1.0-beta3/lib/luarocks/rocks-5.1/?/init.lua", "lua/?.lua", "lua/?/init.lua" },
      version = "LuaJIT"
    },
    telemetry = {
      enable = false
    },
    workspace = {
      checkThirdParty = false,
      library = { "/opt/homebrew/Cellar/neovim/0.9.0/share/nvim/runtime/lua", "/Users/travis_erard/.config/nvim/lua" }
    }
  }
}
[09:37:26.986][info] [#0:script/provider/provider.lua:61]: Load config from client	fallback
[09:37:26.986][info] [#0:script/provider/provider.lua:62]: {
  Lua = {
    diagnostics = {
      globals = { "vim" }
    },
    runtime = {
      path = { "./?.lua", "/opt/homebrew/share/luajit-2.1.0-beta3/?.lua", "/usr/local/share/lua/5.1/?.lua", "/usr/local/share/lua/5.1/?/init.lua", "/opt/homebrew/share/lua/5.1/?.lua", "/opt/homebrew/share/lua/5.1/?/init.lua", "/Users/travis_erard/.cache/nvim/packer_hererocks/2.1.0-beta3/share/lua/5.1/?.lua", "/Users/travis_erard/.cache/nvim/packer_hererocks/2.1.0-beta3/share/lua/5.1/?/init.lua", "/Users/travis_erard/.cache/nvim/packer_hererocks/2.1.0-beta3/lib/luarocks/rocks-5.1/?.lua", "/Users/travis_erard/.cache/nvim/packer_hererocks/2.1.0-beta3/lib/luarocks/rocks-5.1/?/init.lua", "lua/?.lua", "lua/?/init.lua" },
      version = "LuaJIT"
    },
    telemetry = {
      enable = false
    },
    workspace = {
      checkThirdParty = false,
      library = { "/opt/homebrew/Cellar/neovim/0.9.0/share/nvim/runtime/lua", "/Users/travis_erard/.config/nvim/lua" }
    }
  }
}
[09:37:27.092][info] [#0:script/workspace/workspace.lua:322]: Preload start:	file:///Users/travis_erard/dotfiles/nvim/.config/nvim/lua/
[09:37:27.095][info] [#0:script/workspace/workspace.lua:328]: Scan files at:	file:///Users/travis_erard/dotfiles/nvim/.config/nvim/lua/
[09:37:27.096][info] [#0:script/workspace/workspace.lua:322]: Preload start:	<fallback>
[09:37:27.098][info] [#0:script/workspace/workspace.lua:351]: Scan library at:	file:///opt/homebrew/Cellar/neovim/0.9.0/share/nvim/runtime/lua
[09:37:27.100][info] [#0:script/workspace/workspace.lua:351]: Scan library at:	file:///opt/homebrew/Cellar/neovim/0.9.0/share/nvim/runtime/lua
[09:37:27.103][info] [#0:script/workspace/workspace.lua:351]: Scan library at:	file:///Users/travis_erard/.local/share/nvim/mason/packages/lua-language-server/libexec/meta/LuaJIT%20en-us%20utf8/jit.lua
[09:37:27.103][info] [#0:script/workspace/workspace.lua:351]: Scan library at:	file:///Users/travis_erard/.local/share/nvim/mason/packages/lua-language-server/libexec/meta/LuaJIT%20en-us%20utf8/table.lua
[09:37:27.103][info] [#0:script/workspace/workspace.lua:351]: Scan library at:	file:///Users/travis_erard/.local/share/nvim/mason/packages/lua-language-server/libexec/meta/LuaJIT%20en-us%20utf8/os.lua
[09:37:27.103][info] [#0:script/workspace/workspace.lua:351]: Scan library at:	file:///Users/travis_erard/.local/share/nvim/mason/packages/lua-language-server/libexec/meta/LuaJIT%20en-us%20utf8/table/clear.lua
[09:37:27.103][info] [#0:script/workspace/workspace.lua:351]: Scan library at:	file:///Users/travis_erard/.local/share/nvim/mason/packages/lua-language-server/libexec/meta/LuaJIT%20en-us%20utf8/io.lua
[09:37:27.103][info] [#0:script/workspace/workspace.lua:351]: Scan library at:	file:///Users/travis_erard/.local/share/nvim/mason/packages/lua-language-server/libexec/meta/LuaJIT%20en-us%20utf8/debug.lua
[09:37:27.104][info] [#0:script/workspace/workspace.lua:351]: Scan library at:	file:///Users/travis_erard/.local/share/nvim/mason/packages/lua-language-server/libexec/meta/LuaJIT%20en-us%20utf8/bit.lua
[09:37:27.104][info] [#0:script/workspace/workspace.lua:351]: Scan library at:	file:///Users/travis_erard/.local/share/nvim/mason/packages/lua-language-server/libexec/meta/LuaJIT%20en-us%20utf8/jit/profile.lua
[09:37:27.104][info] [#0:script/workspace/workspace.lua:351]: Scan library at:	file:///Users/travis_erard/.local/share/nvim/mason/packages/lua-language-server/libexec/meta/LuaJIT%20en-us%20utf8/jit.lua
[09:37:27.104][info] [#0:script/workspace/workspace.lua:351]: Scan library at:	file:///Users/travis_erard/.local/share/nvim/mason/packages/lua-language-server/libexec/meta/LuaJIT%20en-us%20utf8/package.lua
[09:37:27.104][info] [#0:script/workspace/workspace.lua:351]: Scan library at:	file:///Users/travis_erard/.local/share/nvim/mason/packages/lua-language-server/libexec/meta/LuaJIT%20en-us%20utf8/table.lua
[09:37:27.104][info] [#0:script/workspace/workspace.lua:351]: Scan library at:	file:///Users/travis_erard/.config/nvim/lua
[09:37:27.104][info] [#0:script/workspace/workspace.lua:351]: Scan library at:	file:///Users/travis_erard/.local/share/nvim/mason/packages/lua-language-server/libexec/meta/LuaJIT%20en-us%20utf8/os.lua
[09:37:27.104][info] [#0:script/workspace/workspace.lua:351]: Scan library at:	file:///Users/travis_erard/.local/share/nvim/mason/packages/lua-language-server/libexec/meta/LuaJIT%20en-us%20utf8/table/clear.lua
[09:37:27.104][info] [#0:script/workspace/workspace.lua:351]: Scan library at:	file:///Users/travis_erard/.local/share/nvim/mason/packages/lua-language-server/libexec/meta/LuaJIT%20en-us%20utf8/io.lua
[09:37:27.104][info] [#0:script/workspace/workspace.lua:351]: Scan library at:	file:///Users/travis_erard/.local/share/nvim/mason/packages/lua-language-server/libexec/meta/LuaJIT%20en-us%20utf8/debug.lua
[09:37:27.105][info] [#0:script/workspace/workspace.lua:351]: Scan library at:	file:///Users/travis_erard/.local/share/nvim/mason/packages/lua-language-server/libexec/meta/LuaJIT%20en-us%20utf8/bit.lua
[09:37:27.105][info] [#0:script/workspace/workspace.lua:351]: Scan library at:	file:///Users/travis_erard/.local/share/nvim/mason/packages/lua-language-server/libexec/meta/LuaJIT%20en-us%20utf8/jit/profile.lua
[09:37:27.105][info] [#0:script/workspace/workspace.lua:351]: Scan library at:	file:///Users/travis_erard/.local/share/nvim/mason/packages/lua-language-server/libexec/meta/LuaJIT%20en-us%20utf8/package.lua
[09:37:27.105][info] [#0:script/workspace/workspace.lua:351]: Scan library at:	file:///Users/travis_erard/.config/nvim/lua
[09:37:27.105][info] [#0:script/workspace/workspace.lua:351]: Scan library at:	file:///Users/travis_erard/.local/share/nvim/mason/packages/lua-language-server/libexec/meta/LuaJIT%20en-us%20utf8/table/new.lua
[09:37:27.105][info] [#0:script/workspace/workspace.lua:351]: Scan library at:	file:///Users/travis_erard/.local/share/nvim/mason/packages/lua-language-server/libexec/meta/LuaJIT%20en-us%20utf8/string.lua
[09:37:27.105][info] [#0:script/workspace/workspace.lua:351]: Scan library at:	file:///Users/travis_erard/.local/share/nvim/mason/packages/lua-language-server/libexec/meta/LuaJIT%20en-us%20utf8/jit/util.lua
[09:37:27.105][info] [#0:script/workspace/workspace.lua:351]: Scan library at:	file:///Users/travis_erard/.local/share/nvim/mason/packages/lua-language-server/libexec/meta/LuaJIT%20en-us%20utf8/ffi.lua
[09:37:27.105][info] [#0:script/workspace/workspace.lua:351]: Scan library at:	file:///Users/travis_erard/.local/share/nvim/mason/packages/lua-language-server/libexec/meta/LuaJIT%20en-us%20utf8/builtin.lua
[09:37:27.105][info] [#0:script/workspace/workspace.lua:351]: Scan library at:	file:///Users/travis_erard/.local/share/nvim/mason/packages/lua-language-server/libexec/meta/LuaJIT%20en-us%20utf8/math.lua
[09:37:27.106][info] [#0:script/workspace/workspace.lua:351]: Scan library at:	file:///Users/travis_erard/.local/share/nvim/mason/packages/lua-language-server/libexec/meta/LuaJIT%20en-us%20utf8/basic.lua
[09:37:27.106][info] [#0:script/workspace/workspace.lua:351]: Scan library at:	file:///Users/travis_erard/.local/share/nvim/mason/packages/lua-language-server/libexec/meta/LuaJIT%20en-us%20utf8/coroutine.lua
[09:37:27.106][info] [#0:script/workspace/workspace.lua:351]: Scan library at:	file:///Users/travis_erard/.local/share/nvim/mason/packages/lua-language-server/libexec/meta/LuaJIT%20en-us%20utf8/table/new.lua
[09:37:27.106][info] [#0:script/workspace/workspace.lua:351]: Scan library at:	file:///Users/travis_erard/.local/share/nvim/mason/packages/lua-language-server/libexec/meta/LuaJIT%20en-us%20utf8/string/buffer.lua
[09:37:27.106][info] [#0:script/workspace/workspace.lua:351]: Scan library at:	file:///Users/travis_erard/.local/share/nvim/mason/packages/lua-language-server/libexec/meta/LuaJIT%20en-us%20utf8/string.lua
[09:37:27.106][info] [#0:script/workspace/workspace.lua:351]: Scan library at:	file:///Users/travis_erard/.local/share/nvim/mason/packages/lua-language-server/libexec/meta/LuaJIT%20en-us%20utf8/jit/util.lua
[09:37:27.106][info] [#0:script/workspace/workspace.lua:351]: Scan library at:	file:///Users/travis_erard/.local/share/nvim/mason/packages/lua-language-server/libexec/meta/LuaJIT%20en-us%20utf8/ffi.lua
[09:37:27.106][info] [#0:script/workspace/workspace.lua:351]: Scan library at:	file:///Users/travis_erard/.local/share/nvim/mason/packages/lua-language-server/libexec/meta/LuaJIT%20en-us%20utf8/builtin.lua
[09:37:27.106][info] [#0:script/workspace/workspace.lua:351]: Scan library at:	file:///Users/travis_erard/.local/share/nvim/mason/packages/lua-language-server/libexec/meta/LuaJIT%20en-us%20utf8/math.lua
[09:37:27.106][info] [#0:script/workspace/workspace.lua:351]: Scan library at:	file:///Users/travis_erard/.local/share/nvim/mason/packages/lua-language-server/libexec/meta/LuaJIT%20en-us%20utf8/basic.lua
[09:37:27.106][info] [#0:script/workspace/workspace.lua:351]: Scan library at:	file:///Users/travis_erard/.local/share/nvim/mason/packages/lua-language-server/libexec/meta/LuaJIT%20en-us%20utf8/coroutine.lua
[09:37:27.106][info] [#0:script/workspace/workspace.lua:351]: Scan library at:	file:///Users/travis_erard/.local/share/nvim/mason/packages/lua-language-server/libexec/meta/LuaJIT%20en-us%20utf8/string/buffer.lua
[09:37:27.211][info] [#0:script/workspace/workspace.lua:377]: Found 76 files at:	<fallback>
[09:37:27.212][info] [#0:script/workspace/loading.lua:161]: Load files from disk:	<fallback>
[09:37:27.212][info] [#0:script/workspace/workspace.lua:377]: Found 83 files at:	file:///Users/travis_erard/dotfiles/nvim/.config/nvim/lua/
[09:37:27.212][info] [#0:script/workspace/loading.lua:161]: Load files from disk:	file:///Users/travis_erard/dotfiles/nvim/.config/nvim/lua/
[09:37:27.213][info] [#0:script/workspace/loading.lua:101]: Preload file at: file:///Users/travis_erard/.local/share/nvim/mason/packages/lua-language-server/libexec/meta/LuaJIT%20en-us%20utf8/string/buffer.lua , size = 18.123 KB
[09:37:27.219][info] [#0:script/workspace/loading.lua:113]: ++++As library of:	file:///Users/travis_erard/.local/share/nvim/mason/packages/lua-language-server/libexec/meta/LuaJIT%20en-us%20utf8/string/buffer.lua
[09:37:27.219][info] [#0:script/workspace/loading.lua:101]: Preload file at: file:///Users/travis_erard/.local/share/nvim/mason/packages/lua-language-server/libexec/meta/LuaJIT%20en-us%20utf8/coroutine.lua , size = 2.541 KB
[09:37:27.221][info] [#0:script/workspace/loading.lua:113]: ++++As library of:	file:///Users/travis_erard/.local/share/nvim/mason/packages/lua-language-server/libexec/meta/LuaJIT%20en-us%20utf8/coroutine.lua
[09:37:27.221][info] [#0:script/workspace/loading.lua:98]: Skip loaded file: file:///Users/travis_erard/.local/share/nvim/mason/packages/lua-language-server/libexec/meta/LuaJIT%20en-us%20utf8/coroutine.lua
[09:37:27.221][info] [#0:script/workspace/loading.lua:98]: Skip loaded file: file:///Users/travis_erard/.local/share/nvim/mason/packages/lua-language-server/libexec/meta/LuaJIT%20en-us%20utf8/string/buffer.lua
[09:37:27.221][info] [#0:script/workspace/loading.lua:101]: Preload file at: file:///Users/travis_erard/.local/share/nvim/mason/packages/lua-language-server/libexec/meta/LuaJIT%20en-us%20utf8/basic.lua , size = 14.855 KB
[09:37:27.229][info] [#0:script/workspace/loading.lua:113]: ++++As library of:	file:///Users/travis_erard/.local/share/nvim/mason/packages/lua-language-server/libexec/meta/LuaJIT%20en-us%20utf8/basic.lua
[09:37:27.229][info] [#0:script/workspace/loading.lua:98]: Skip loaded file: file:///Users/travis_erard/.local/share/nvim/mason/packages/lua-language-server/libexec/meta/LuaJIT%20en-us%20utf8/basic.lua
[09:37:27.229][info] [#0:script/workspace/loading.lua:101]: Preload file at: file:///Users/travis_erard/.local/share/nvim/mason/packages/lua-language-server/libexec/meta/LuaJIT%20en-us%20utf8/math.lua , size = 8.133 KB
[09:37:27.233][info] [#0:script/workspace/loading.lua:113]: ++++As library of:	file:///Users/travis_erard/.local/share/nvim/mason/packages/lua-language-server/libexec/meta/LuaJIT%20en-us%20utf8/math.lua
[09:37:27.233][info] [#0:script/workspace/loading.lua:101]: Preload file at: file:///Users/travis_erard/.local/share/nvim/mason/packages/lua-language-server/libexec/meta/LuaJIT%20en-us%20utf8/builtin.lua , size = 0.302 KB
[09:37:27.233][info] [#0:script/workspace/loading.lua:113]: ++++As library of:	file:///Users/travis_erard/.local/share/nvim/mason/packages/lua-language-server/libexec/meta/LuaJIT%20en-us%20utf8/builtin.lua
[09:37:27.233][info] [#0:script/workspace/loading.lua:98]: Skip loaded file: file:///Users/travis_erard/.local/share/nvim/mason/packages/lua-language-server/libexec/meta/LuaJIT%20en-us%20utf8/math.lua
[09:37:27.233][info] [#0:script/workspace/loading.lua:98]: Skip loaded file: file:///Users/travis_erard/.local/share/nvim/mason/packages/lua-language-server/libexec/meta/LuaJIT%20en-us%20utf8/builtin.lua
[09:37:27.233][info] [#0:script/workspace/loading.lua:101]: Preload file at: file:///Users/travis_erard/.local/share/nvim/mason/packages/lua-language-server/libexec/meta/LuaJIT%20en-us%20utf8/ffi.lua , size = 2.529 KB
[09:37:27.236][info] [#0:script/workspace/loading.lua:113]: ++++As library of:	file:///Users/travis_erard/.local/share/nvim/mason/packages/lua-language-server/libexec/meta/LuaJIT%20en-us%20utf8/ffi.lua
[09:37:27.236][info] [#0:script/workspace/loading.lua:98]: Skip loaded file: file:///Users/travis_erard/.local/share/nvim/mason/packages/lua-language-server/libexec/meta/LuaJIT%20en-us%20utf8/ffi.lua
[09:37:27.236][info] [#0:script/workspace/loading.lua:101]: Preload file at: file:///Users/travis_erard/.local/share/nvim/mason/packages/lua-language-server/libexec/meta/LuaJIT%20en-us%20utf8/jit/util.lua , size = 1.984 KB
[09:37:27.237][info] [#0:script/workspace/loading.lua:113]: ++++As library of:	file:///Users/travis_erard/.local/share/nvim/mason/packages/lua-language-server/libexec/meta/LuaJIT%20en-us%20utf8/jit/util.lua
[09:37:27.237][info] [#0:script/workspace/loading.lua:98]: Skip loaded file: file:///Users/travis_erard/.local/share/nvim/mason/packages/lua-language-server/libexec/meta/LuaJIT%20en-us%20utf8/jit/util.lua
[09:37:27.237][info] [#0:script/workspace/loading.lua:101]: Preload file at: file:///Users/travis_erard/.local/share/nvim/mason/packages/lua-language-server/libexec/meta/LuaJIT%20en-us%20utf8/string.lua , size = 6.284 KB
[09:37:27.241][info] [#0:script/workspace/loading.lua:113]: ++++As library of:	file:///Users/travis_erard/.local/share/nvim/mason/packages/lua-language-server/libexec/meta/LuaJIT%20en-us%20utf8/string.lua
[09:37:27.241][info] [#0:script/workspace/loading.lua:98]: Skip loaded file: file:///Users/travis_erard/.local/share/nvim/mason/packages/lua-language-server/libexec/meta/LuaJIT%20en-us%20utf8/string.lua
[09:37:27.241][info] [#0:script/workspace/loading.lua:101]: Preload file at: file:///Users/travis_erard/.local/share/nvim/mason/packages/lua-language-server/libexec/meta/LuaJIT%20en-us%20utf8/table/new.lua , size = 0.642 KB
[09:37:27.242][info] [#0:script/workspace/loading.lua:113]: ++++As library of:	file:///Users/travis_erard/.local/share/nvim/mason/packages/lua-language-server/libexec/meta/LuaJIT%20en-us%20utf8/table/new.lua
[09:37:27.242][info] [#0:script/workspace/loading.lua:98]: Skip loaded file: file:///Users/travis_erard/.local/share/nvim/mason/packages/lua-language-server/libexec/meta/LuaJIT%20en-us%20utf8/table/new.lua
[09:37:27.242][info] [#0:script/workspace/loading.lua:101]: Preload file at: file:///Users/travis_erard/.config/nvim/lua/travhimself/emmet.lua , size = 0.665 KB
[09:37:27.242][info] [#0:script/workspace/loading.lua:113]: ++++As library of:	file:///Users/travis_erard/.config/nvim/lua
[09:37:27.242][info] [#0:script/workspace/loading.lua:98]: Skip loaded file: file:///Users/travis_erard/.config/nvim/lua/travhimself/emmet.lua
[09:37:27.242][info] [#0:script/workspace/loading.lua:101]: Preload file at: file:///Users/travis_erard/.config/nvim/lua/travhimself/init.lua , size = 0.412 KB
[09:37:27.242][info] [#0:script/workspace/loading.lua:113]: ++++As library of:	file:///Users/travis_erard/.config/nvim/lua
[09:37:27.242][info] [#0:script/workspace/loading.lua:98]: Skip loaded file: file:///Users/travis_erard/.config/nvim/lua/travhimself/init.lua
[09:37:27.242][info] [#0:script/workspace/loading.lua:101]: Preload file at: file:///Users/travis_erard/.config/nvim/lua/travhimself/ruby.lua , size = 0.863 KB
[09:37:27.243][info] [#0:script/workspace/loading.lua:113]: ++++As library of:	file:///Users/travis_erard/.config/nvim/lua
[09:37:27.243][info] [#0:script/workspace/loading.lua:98]: Skip loaded file: file:///Users/travis_erard/.config/nvim/lua/travhimself/ruby.lua
[09:37:27.243][info] [#0:script/workspace/loading.lua:101]: Preload file at: file:///Users/travis_erard/.config/nvim/lua/travhimself/worktrees.lua , size = 0.796 KB
[09:37:27.243][info] [#0:script/workspace/loading.lua:113]: ++++As library of:	file:///Users/travis_erard/.config/nvim/lua
[09:37:27.243][info] [#0:script/workspace/loading.lua:98]: Skip loaded file: file:///Users/travis_erard/.config/nvim/lua/travhimself/worktrees.lua
[09:37:27.243][info] [#0:script/workspace/loading.lua:101]: Preload file at: file:///Users/travis_erard/.config/nvim/lua/travhimself/packer.lua , size = 5.947 KB
[09:37:27.245][info] [#0:script/workspace/loading.lua:113]: ++++As library of:	file:///Users/travis_erard/.config/nvim/lua
[09:37:27.245][info] [#0:script/workspace/loading.lua:98]: Skip loaded file: file:///Users/travis_erard/.config/nvim/lua/travhimself/packer.lua
[09:37:27.245][info] [#0:script/workspace/loading.lua:101]: Preload file at: file:///Users/travis_erard/.config/nvim/lua/travhimself/set.lua , size = 1.419 KB
[09:37:27.246][info] [#0:script/workspace/loading.lua:113]: ++++As library of:	file:///Users/travis_erard/.config/nvim/lua
[09:37:27.246][info] [#0:script/workspace/loading.lua:98]: Skip loaded file: file:///Users/travis_erard/.config/nvim/lua/travhimself/set.lua
[09:37:27.246][info] [#0:script/workspace/loading.lua:101]: Preload file at: file:///Users/travis_erard/.config/nvim/lua/travhimself/remap.lua , size = 5.231 KB
[09:37:27.248][info] [#0:script/workspace/loading.lua:113]: ++++As library of:	file:///Users/travis_erard/.config/nvim/lua
[09:37:27.248][info] [#0:script/workspace/loading.lua:101]: Preload file at: file:///Users/travis_erard/.local/share/nvim/mason/packages/lua-language-server/libexec/meta/LuaJIT%20en-us%20utf8/package.lua , size = 2.699 KB
[09:37:27.249][info] [#0:script/workspace/loading.lua:113]: ++++As library of:	file:///Users/travis_erard/.local/share/nvim/mason/packages/lua-language-server/libexec/meta/LuaJIT%20en-us%20utf8/package.lua
[09:37:27.249][info] [#0:script/workspace/loading.lua:98]: Skip loaded file: file:///Users/travis_erard/.config/nvim/lua/travhimself/remap.lua
[09:37:27.249][info] [#0:script/workspace/loading.lua:98]: Skip loaded file: file:///Users/travis_erard/.local/share/nvim/mason/packages/lua-language-server/libexec/meta/LuaJIT%20en-us%20utf8/package.lua
[09:37:27.249][info] [#0:script/workspace/loading.lua:101]: Preload file at: file:///Users/travis_erard/.local/share/nvim/mason/packages/lua-language-server/libexec/meta/LuaJIT%20en-us%20utf8/jit/profile.lua , size = 0.348 KB
[09:37:27.249][info] [#0:script/workspace/loading.lua:113]: ++++As library of:	file:///Users/travis_erard/.local/share/nvim/mason/packages/lua-language-server/libexec/meta/LuaJIT%20en-us%20utf8/jit/profile.lua
[09:37:27.249][info] [#0:script/workspace/loading.lua:98]: Skip loaded file: file:///Users/travis_erard/.local/share/nvim/mason/packages/lua-language-server/libexec/meta/LuaJIT%20en-us%20utf8/jit/profile.lua
[09:37:27.249][info] [#0:script/workspace/loading.lua:101]: Preload file at: file:///Users/travis_erard/.local/share/nvim/mason/packages/lua-language-server/libexec/meta/LuaJIT%20en-us%20utf8/bit.lua , size = 1.320 KB
[09:37:27.250][info] [#0:script/workspace/loading.lua:113]: ++++As library of:	file:///Users/travis_erard/.local/share/nvim/mason/packages/lua-language-server/libexec/meta/LuaJIT%20en-us%20utf8/bit.lua
[09:37:27.250][info] [#0:script/workspace/loading.lua:98]: Skip loaded file: file:///Users/travis_erard/.local/share/nvim/mason/packages/lua-language-server/libexec/meta/LuaJIT%20en-us%20utf8/bit.lua
[09:37:27.250][info] [#0:script/workspace/loading.lua:101]: Preload file at: file:///Users/travis_erard/.local/share/nvim/mason/packages/lua-language-server/libexec/meta/LuaJIT%20en-us%20utf8/debug.lua , size = 7.310 KB
[09:37:27.253][info] [#0:script/workspace/loading.lua:113]: ++++As library of:	file:///Users/travis_erard/.local/share/nvim/mason/packages/lua-language-server/libexec/meta/LuaJIT%20en-us%20utf8/debug.lua
[09:37:27.253][info] [#0:script/workspace/loading.lua:98]: Skip loaded file: file:///Users/travis_erard/.local/share/nvim/mason/packages/lua-language-server/libexec/meta/LuaJIT%20en-us%20utf8/debug.lua
[09:37:27.253][info] [#0:script/workspace/loading.lua:101]: Preload file at: file:///Users/travis_erard/.local/share/nvim/mason/packages/lua-language-server/libexec/meta/LuaJIT%20en-us%20utf8/io.lua , size = 6.364 KB
[09:37:27.257][info] [#0:script/workspace/loading.lua:113]: ++++As library of:	file:///Users/travis_erard/.local/share/nvim/mason/packages/lua-language-server/libexec/meta/LuaJIT%20en-us%20utf8/io.lua
[09:37:27.257][info] [#0:script/workspace/loading.lua:98]: Skip loaded file: file:///Users/travis_erard/.local/share/nvim/mason/packages/lua-language-server/libexec/meta/LuaJIT%20en-us%20utf8/io.lua
[09:37:27.257][info] [#0:script/workspace/loading.lua:101]: Preload file at: file:///Users/travis_erard/.local/share/nvim/mason/packages/lua-language-server/libexec/meta/LuaJIT%20en-us%20utf8/table/clear.lua , size = 0.797 KB
[09:37:27.258][info] [#0:script/workspace/loading.lua:113]: ++++As library of:	file:///Users/travis_erard/.local/share/nvim/mason/packages/lua-language-server/libexec/meta/LuaJIT%20en-us%20utf8/table/clear.lua
[09:37:27.258][info] [#0:script/workspace/loading.lua:98]: Skip loaded file: file:///Users/travis_erard/.local/share/nvim/mason/packages/lua-language-server/libexec/meta/LuaJIT%20en-us%20utf8/table/clear.lua
[09:37:27.258][info] [#0:script/workspace/loading.lua:101]: Preload file at: file:///Users/travis_erard/.local/share/nvim/mason/packages/lua-language-server/libexec/meta/LuaJIT%20en-us%20utf8/os.lua , size = 4.347 KB
[09:37:27.259][info] [#0:script/workspace/loading.lua:113]: ++++As library of:	file:///Users/travis_erard/.local/share/nvim/mason/packages/lua-language-server/libexec/meta/LuaJIT%20en-us%20utf8/os.lua
[09:37:27.259][info] [#0:script/workspace/loading.lua:98]: Skip loaded file: file:///Users/travis_erard/.local/share/nvim/mason/packages/lua-language-server/libexec/meta/LuaJIT%20en-us%20utf8/os.lua
[09:37:27.259][info] [#0:script/workspace/loading.lua:101]: Preload file at: file:///Users/travis_erard/.local/share/nvim/mason/packages/lua-language-server/libexec/meta/LuaJIT%20en-us%20utf8/table.lua , size = 4.230 KB
[09:37:27.261][info] [#0:script/workspace/loading.lua:113]: ++++As library of:	file:///Users/travis_erard/.local/share/nvim/mason/packages/lua-language-server/libexec/meta/LuaJIT%20en-us%20utf8/table.lua
[09:37:27.261][info] [#0:script/workspace/loading.lua:98]: Skip loaded file: file:///Users/travis_erard/.local/share/nvim/mason/packages/lua-language-server/libexec/meta/LuaJIT%20en-us%20utf8/table.lua
[09:37:27.261][info] [#0:script/workspace/loading.lua:101]: Preload file at: file:///Users/travis_erard/.local/share/nvim/mason/packages/lua-language-server/libexec/meta/LuaJIT%20en-us%20utf8/jit.lua , size = 0.884 KB
[09:37:27.262][info] [#0:script/workspace/loading.lua:113]: ++++As library of:	file:///Users/travis_erard/.local/share/nvim/mason/packages/lua-language-server/libexec/meta/LuaJIT%20en-us%20utf8/jit.lua
[09:37:27.262][info] [#0:script/workspace/loading.lua:98]: Skip loaded file: file:///Users/travis_erard/.local/share/nvim/mason/packages/lua-language-server/libexec/meta/LuaJIT%20en-us%20utf8/jit.lua
[09:37:27.262][info] [#0:script/workspace/loading.lua:101]: Preload file at: file:///opt/homebrew/Cellar/neovim/0.9.0/share/nvim/runtime/lua/vim/loader.lua , size = 15.990 KB
[09:37:27.268][info] [#0:script/workspace/loading.lua:113]: ++++As library of:	file:///opt/homebrew/Cellar/neovim/0.9.0/share/nvim/runtime/lua
[09:37:27.268][info] [#0:script/workspace/loading.lua:98]: Skip loaded file: file:///opt/homebrew/Cellar/neovim/0.9.0/share/nvim/runtime/lua/vim/loader.lua
[09:37:27.268][info] [#0:script/workspace/loading.lua:101]: Preload file at: file:///opt/homebrew/Cellar/neovim/0.9.0/share/nvim/runtime/lua/vim/shared.lua , size = 22.392 KB
[09:37:27.277][info] [#0:script/workspace/loading.lua:113]: ++++As library of:	file:///opt/homebrew/Cellar/neovim/0.9.0/share/nvim/runtime/lua
[09:37:27.277][info] [#0:script/workspace/loading.lua:98]: Skip loaded file: file:///opt/homebrew/Cellar/neovim/0.9.0/share/nvim/runtime/lua/vim/shared.lua
[09:37:27.277][info] [#0:script/workspace/loading.lua:101]: Preload file at: file:///opt/homebrew/Cellar/neovim/0.9.0/share/nvim/runtime/lua/vim/_meta.lua , size = 12.077 KB
[09:37:27.281][info] [#0:script/workspace/loading.lua:113]: ++++As library of:	file:///opt/homebrew/Cellar/neovim/0.9.0/share/nvim/runtime/lua
[09:37:27.281][info] [#0:script/workspace/loading.lua:98]: Skip loaded file: file:///opt/homebrew/Cellar/neovim/0.9.0/share/nvim/runtime/lua/vim/_meta.lua
[09:37:27.281][info] [#0:script/workspace/loading.lua:101]: Preload file at: file:///opt/homebrew/Cellar/neovim/0.9.0/share/nvim/runtime/lua/vim/diagnostic.lua , size = 56.640 KB
[09:37:27.296][info] [#0:script/workspace/loading.lua:113]: ++++As library of:	file:///opt/homebrew/Cellar/neovim/0.9.0/share/nvim/runtime/lua
[09:37:27.296][info] [#0:script/workspace/loading.lua:98]: Skip loaded file: file:///opt/homebrew/Cellar/neovim/0.9.0/share/nvim/runtime/lua/vim/diagnostic.lua
[09:37:27.296][info] [#0:script/workspace/loading.lua:101]: Preload file at: file:///opt/homebrew/Cellar/neovim/0.9.0/share/nvim/runtime/lua/vim/_inspector.lua , size = 7.792 KB
[09:37:27.298][info] [#0:script/workspace/loading.lua:113]: ++++As library of:	file:///opt/homebrew/Cellar/neovim/0.9.0/share/nvim/runtime/lua
[09:37:27.298][info] [#0:script/workspace/loading.lua:98]: Skip loaded file: file:///opt/homebrew/Cellar/neovim/0.9.0/share/nvim/runtime/lua/vim/_inspector.lua
[09:37:27.298][info] [#0:script/workspace/loading.lua:101]: Preload file at: file:///opt/homebrew/Cellar/neovim/0.9.0/share/nvim/runtime/lua/vim/treesitter/_meta.lua , size = 2.839 KB
[09:37:27.300][info] [#0:script/workspace/loading.lua:113]: ++++As library of:	file:///opt/homebrew/Cellar/neovim/0.9.0/share/nvim/runtime/lua
[09:37:27.300][info] [#0:script/workspace/loading.lua:98]: Skip loaded file: file:///opt/homebrew/Cellar/neovim/0.9.0/share/nvim/runtime/lua/vim/treesitter/_meta.lua
[09:37:27.300][info] [#0:script/workspace/loading.lua:101]: Preload file at: file:///opt/homebrew/Cellar/neovim/0.9.0/share/nvim/runtime/lua/vim/treesitter/_fold.lua , size = 6.753 KB
[09:37:27.302][info] [#0:script/workspace/loading.lua:113]: ++++As library of:	file:///opt/homebrew/Cellar/neovim/0.9.0/share/nvim/runtime/lua
[09:37:27.302][info] [#0:script/workspace/loading.lua:98]: Skip loaded file: file:///opt/homebrew/Cellar/neovim/0.9.0/share/nvim/runtime/lua/vim/treesitter/_fold.lua
[09:37:27.302][info] [#0:script/workspace/loading.lua:101]: Preload file at: file:///opt/homebrew/Cellar/neovim/0.9.0/share/nvim/runtime/lua/vim/treesitter/_range.lua , size = 3.646 KB
[09:37:27.304][info] [#0:script/workspace/loading.lua:113]: ++++As library of:	file:///opt/homebrew/Cellar/neovim/0.9.0/share/nvim/runtime/lua
[09:37:27.304][info] [#0:script/workspace/loading.lua:98]: Skip loaded file: file:///opt/homebrew/Cellar/neovim/0.9.0/share/nvim/runtime/lua/vim/treesitter/_range.lua
[09:37:27.304][info] [#0:script/workspace/loading.lua:101]: Preload file at: file:///opt/homebrew/Cellar/neovim/0.9.0/share/nvim/runtime/lua/vim/treesitter/health.lua , size = 0.888 KB
[09:37:27.304][info] [#0:script/workspace/loading.lua:113]: ++++As library of:	file:///opt/homebrew/Cellar/neovim/0.9.0/share/nvim/runtime/lua
[09:37:27.304][info] [#0:script/workspace/loading.lua:98]: Skip loaded file: file:///opt/homebrew/Cellar/neovim/0.9.0/share/nvim/runtime/lua/vim/treesitter/health.lua
[09:37:27.304][info] [#0:script/workspace/loading.lua:101]: Preload file at: file:///opt/homebrew/Cellar/neovim/0.9.0/share/nvim/runtime/lua/vim/treesitter/languagetree.lua , size = 26.168 KB
[09:37:27.315][info] [#0:script/workspace/loading.lua:113]: ++++As library of:	file:///opt/homebrew/Cellar/neovim/0.9.0/share/nvim/runtime/lua
[09:37:27.315][info] [#0:script/workspace/loading.lua:98]: Skip loaded file: file:///opt/homebrew/Cellar/neovim/0.9.0/share/nvim/runtime/lua/vim/treesitter/languagetree.lua
[09:37:27.315][info] [#0:script/workspace/loading.lua:101]: Preload file at: file:///opt/homebrew/Cellar/neovim/0.9.0/share/nvim/runtime/lua/vim/treesitter/playground.lua , size = 12.551 KB
[09:37:27.318][info] [#0:script/workspace/loading.lua:113]: ++++As library of:	file:///opt/homebrew/Cellar/neovim/0.9.0/share/nvim/runtime/lua
[09:37:27.318][info] [#0:script/workspace/loading.lua:98]: Skip loaded file: file:///opt/homebrew/Cellar/neovim/0.9.0/share/nvim/runtime/lua/vim/treesitter/playground.lua
[09:37:27.318][info] [#0:script/workspace/loading.lua:101]: Preload file at: file:///opt/homebrew/Cellar/neovim/0.9.0/share/nvim/runtime/lua/vim/treesitter/language.lua , size = 3.528 KB
[09:37:27.320][info] [#0:script/workspace/loading.lua:113]: ++++As library of:	file:///opt/homebrew/Cellar/neovim/0.9.0/share/nvim/runtime/lua
[09:37:27.320][info] [#0:script/workspace/loading.lua:98]: Skip loaded file: file:///opt/homebrew/Cellar/neovim/0.9.0/share/nvim/runtime/lua/vim/treesitter/language.lua
[09:37:27.320][info] [#0:script/workspace/loading.lua:101]: Preload file at: file:///opt/homebrew/Cellar/neovim/0.9.0/share/nvim/runtime/lua/vim/treesitter/query.lua , size = 21.253 KB
[09:37:27.325][info] [#0:script/workspace/loading.lua:113]: ++++As library of:	file:///opt/homebrew/Cellar/neovim/0.9.0/share/nvim/runtime/lua
[09:37:27.325][info] [#0:script/workspace/loading.lua:98]: Skip loaded file: file:///opt/homebrew/Cellar/neovim/0.9.0/share/nvim/runtime/lua/vim/treesitter/query.lua
[09:37:27.325][info] [#0:script/workspace/loading.lua:101]: Preload file at: file:///opt/homebrew/Cellar/neovim/0.9.0/share/nvim/runtime/lua/vim/treesitter/highlighter.lua , size = 8.609 KB
[09:37:27.328][info] [#0:script/workspace/loading.lua:113]: ++++As library of:	file:///opt/homebrew/Cellar/neovim/0.9.0/share/nvim/runtime/lua
[09:37:27.328][info] [#0:script/workspace/loading.lua:98]: Skip loaded file: file:///opt/homebrew/Cellar/neovim/0.9.0/share/nvim/runtime/lua/vim/treesitter/highlighter.lua
[09:37:27.328][info] [#0:script/workspace/loading.lua:101]: Preload file at: file:///opt/homebrew/Cellar/neovim/0.9.0/share/nvim/runtime/lua/vim/health.lua , size = 1.537 KB
[09:37:27.329][info] [#0:script/workspace/loading.lua:113]: ++++As library of:	file:///opt/homebrew/Cellar/neovim/0.9.0/share/nvim/runtime/lua
[09:37:27.329][info] [#0:script/workspace/loading.lua:98]: Skip loaded file: file:///opt/homebrew/Cellar/neovim/0.9.0/share/nvim/runtime/lua/vim/health.lua
[09:37:27.329][info] [#0:script/workspace/loading.lua:101]: Preload file at: file:///opt/homebrew/Cellar/neovim/0.9.0/share/nvim/runtime/lua/vim/keymap.lua , size = 3.573 KB
[09:37:27.330][info] [#0:script/workspace/loading.lua:113]: ++++As library of:	file:///opt/homebrew/Cellar/neovim/0.9.0/share/nvim/runtime/lua
[09:37:27.330][info] [#0:script/workspace/loading.lua:98]: Skip loaded file: file:///opt/homebrew/Cellar/neovim/0.9.0/share/nvim/runtime/lua/vim/keymap.lua
[09:37:27.330][info] [#0:script/workspace/loading.lua:101]: Preload file at: file:///opt/homebrew/Cellar/neovim/0.9.0/share/nvim/runtime/lua/vim/secure.lua , size = 4.830 KB
[09:37:27.332][info] [#0:script/workspace/loading.lua:113]: ++++As library of:	file:///opt/homebrew/Cellar/neovim/0.9.0/share/nvim/runtime/lua
[09:37:27.332][info] [#0:script/workspace/loading.lua:98]: Skip loaded file: file:///opt/homebrew/Cellar/neovim/0.9.0/share/nvim/runtime/lua/vim/secure.lua
[09:37:27.332][info] [#0:script/workspace/loading.lua:101]: Preload file at: file:///opt/homebrew/Cellar/neovim/0.9.0/share/nvim/runtime/lua/vim/_editor.lua , size = 29.339 KB
[09:37:27.339][info] [#0:script/workspace/loading.lua:113]: ++++As library of:	file:///opt/homebrew/Cellar/neovim/0.9.0/share/nvim/runtime/lua
[09:37:27.339][info] [#0:script/workspace/loading.lua:98]: Skip loaded file: file:///opt/homebrew/Cellar/neovim/0.9.0/share/nvim/runtime/lua/vim/_editor.lua
[09:37:27.339][info] [#0:script/workspace/loading.lua:101]: Preload file at: file:///opt/homebrew/Cellar/neovim/0.9.0/share/nvim/runtime/lua/vim/highlight.lua , size = 3.749 KB
[09:37:27.340][info] [#0:script/workspace/loading.lua:113]: ++++As library of:	file:///opt/homebrew/Cellar/neovim/0.9.0/share/nvim/runtime/lua
[09:37:27.340][info] [#0:script/workspace/loading.lua:98]: Skip loaded file: file:///opt/homebrew/Cellar/neovim/0.9.0/share/nvim/runtime/lua/vim/highlight.lua
[09:37:27.340][info] [#0:script/workspace/loading.lua:101]: Preload file at: file:///opt/homebrew/Cellar/neovim/0.9.0/share/nvim/runtime/lua/vim/lsp/diagnostic.lua , size = 8.867 KB
[09:37:27.343][info] [#0:script/workspace/loading.lua:113]: ++++As library of:	file:///opt/homebrew/Cellar/neovim/0.9.0/share/nvim/runtime/lua
[09:37:27.343][info] [#0:script/workspace/loading.lua:98]: Skip loaded file: file:///opt/homebrew/Cellar/neovim/0.9.0/share/nvim/runtime/lua/vim/lsp/diagnostic.lua
[09:37:27.343][info] [#0:script/workspace/loading.lua:101]: Preload file at: file:///opt/homebrew/Cellar/neovim/0.9.0/share/nvim/runtime/lua/vim/lsp/protocol.lua , size = 28.367 KB
[09:37:27.350][info] [#0:script/workspace/loading.lua:113]: ++++As library of:	file:///opt/homebrew/Cellar/neovim/0.9.0/share/nvim/runtime/lua
[09:37:27.350][info] [#0:script/workspace/loading.lua:98]: Skip loaded file: file:///opt/homebrew/Cellar/neovim/0.9.0/share/nvim/runtime/lua/vim/lsp/protocol.lua
[09:37:27.350][info] [#0:script/workspace/loading.lua:101]: Preload file at: file:///opt/homebrew/Cellar/neovim/0.9.0/share/nvim/runtime/lua/vim/lsp/health.lua , size = 1.240 KB
[09:37:27.350][info] [#0:script/workspace/loading.lua:113]: ++++As library of:	file:///opt/homebrew/Cellar/neovim/0.9.0/share/nvim/runtime/lua
[09:37:27.350][info] [#0:script/workspace/loading.lua:98]: Skip loaded file: file:///opt/homebrew/Cellar/neovim/0.9.0/share/nvim/runtime/lua/vim/lsp/health.lua
[09:37:27.350][info] [#0:script/workspace/loading.lua:101]: Preload file at: file:///opt/homebrew/Cellar/neovim/0.9.0/share/nvim/runtime/lua/vim/lsp/codelens.lua , size = 8.261 KB
[09:37:27.352][info] [#0:script/workspace/loading.lua:113]: ++++As library of:	file:///opt/homebrew/Cellar/neovim/0.9.0/share/nvim/runtime/lua
[09:37:27.352][info] [#0:script/workspace/loading.lua:98]: Skip loaded file: file:///opt/homebrew/Cellar/neovim/0.9.0/share/nvim/runtime/lua/vim/lsp/codelens.lua
[09:37:27.352][info] [#0:script/workspace/loading.lua:101]: Preload file at: file:///opt/homebrew/Cellar/neovim/0.9.0/share/nvim/runtime/lua/vim/lsp/_watchfiles.lua , size = 9.196 KB
[09:37:27.355][info] [#0:script/workspace/loading.lua:113]: ++++As library of:	file:///opt/homebrew/Cellar/neovim/0.9.0/share/nvim/runtime/lua
[09:37:27.355][info] [#0:script/workspace/loading.lua:98]: Skip loaded file: file:///opt/homebrew/Cellar/neovim/0.9.0/share/nvim/runtime/lua/vim/lsp/_watchfiles.lua
[09:37:27.355][info] [#0:script/workspace/loading.lua:101]: Preload file at: file:///opt/homebrew/Cellar/neovim/0.9.0/share/nvim/runtime/lua/vim/lsp/sync.lua , size = 15.681 KB
[09:37:27.358][info] [#0:script/workspace/loading.lua:113]: ++++As library of:	file:///opt/homebrew/Cellar/neovim/0.9.0/share/nvim/runtime/lua
[09:37:27.358][info] [#0:script/workspace/loading.lua:98]: Skip loaded file: file:///opt/homebrew/Cellar/neovim/0.9.0/share/nvim/runtime/lua/vim/lsp/sync.lua
[09:37:27.358][info] [#0:script/workspace/loading.lua:101]: Preload file at: file:///opt/homebrew/Cellar/neovim/0.9.0/share/nvim/runtime/lua/vim/lsp/log.lua , size = 5.151 KB
[09:37:27.359][info] [#0:script/workspace/loading.lua:113]: ++++As library of:	file:///opt/homebrew/Cellar/neovim/0.9.0/share/nvim/runtime/lua
[09:37:27.359][info] [#0:script/workspace/loading.lua:98]: Skip loaded file: file:///opt/homebrew/Cellar/neovim/0.9.0/share/nvim/runtime/lua/vim/lsp/log.lua
[09:37:27.359][info] [#0:script/workspace/loading.lua:101]: Preload file at: file:///opt/homebrew/Cellar/neovim/0.9.0/share/nvim/runtime/lua/vim/lsp/types.lua , size = 0.924 KB
[09:37:27.360][info] [#0:script/workspace/loading.lua:113]: ++++As library of:	file:///opt/homebrew/Cellar/neovim/0.9.0/share/nvim/runtime/lua
[09:37:27.360][info] [#0:script/workspace/loading.lua:98]: Skip loaded file: file:///opt/homebrew/Cellar/neovim/0.9.0/share/nvim/runtime/lua/vim/lsp/types.lua
[09:37:27.360][info] [#0:script/workspace/loading.lua:101]: Preload file at: file:///opt/homebrew/Cellar/neovim/0.9.0/share/nvim/runtime/lua/vim/lsp/util.lua , size = 70.763 KB
[09:37:27.377][info] [#0:script/workspace/loading.lua:113]: ++++As library of:	file:///opt/homebrew/Cellar/neovim/0.9.0/share/nvim/runtime/lua
[09:37:27.377][info] [#0:script/workspace/loading.lua:98]: Skip loaded file: file:///opt/homebrew/Cellar/neovim/0.9.0/share/nvim/runtime/lua/vim/lsp/util.lua
[09:37:27.377][info] [#0:script/workspace/loading.lua:101]: Preload file at: file:///opt/homebrew/Cellar/neovim/0.9.0/share/nvim/runtime/lua/vim/lsp/buf.lua , size = 27.860 KB
[09:37:27.383][info] [#0:script/workspace/loading.lua:113]: ++++As library of:	file:///opt/homebrew/Cellar/neovim/0.9.0/share/nvim/runtime/lua
[09:37:27.383][info] [#0:script/workspace/loading.lua:98]: Skip loaded file: file:///opt/homebrew/Cellar/neovim/0.9.0/share/nvim/runtime/lua/vim/lsp/buf.lua
[09:37:27.383][info] [#0:script/workspace/loading.lua:101]: Preload file at: file:///opt/homebrew/Cellar/neovim/0.9.0/share/nvim/runtime/lua/vim/lsp/_snippet.lua , size = 10.744 KB
[09:37:27.386][info] [#0:script/workspace/loading.lua:113]: ++++As library of:	file:///opt/homebrew/Cellar/neovim/0.9.0/share/nvim/runtime/lua
[09:37:27.386][info] [#0:script/workspace/loading.lua:98]: Skip loaded file: file:///opt/homebrew/Cellar/neovim/0.9.0/share/nvim/runtime/lua/vim/lsp/_snippet.lua
[09:37:27.386][info] [#0:script/workspace/loading.lua:101]: Preload file at: file:///opt/homebrew/Cellar/neovim/0.9.0/share/nvim/runtime/lua/vim/lsp/handlers.lua , size = 23.587 KB
[09:37:27.392][info] [#0:script/workspace/loading.lua:113]: ++++As library of:	file:///opt/homebrew/Cellar/neovim/0.9.0/share/nvim/runtime/lua
[09:37:27.392][info] [#0:script/workspace/loading.lua:98]: Skip loaded file: file:///opt/homebrew/Cellar/neovim/0.9.0/share/nvim/runtime/lua/vim/lsp/handlers.lua
[09:37:27.392][info] [#0:script/workspace/loading.lua:101]: Preload file at: file:///opt/homebrew/Cellar/neovim/0.9.0/share/nvim/runtime/lua/vim/lsp/rpc.lua , size = 23.695 KB
[09:37:27.398][info] [#0:script/workspace/loading.lua:113]: ++++As library of:	file:///opt/homebrew/Cellar/neovim/0.9.0/share/nvim/runtime/lua
[09:37:27.398][info] [#0:script/workspace/loading.lua:98]: Skip loaded file: file:///opt/homebrew/Cellar/neovim/0.9.0/share/nvim/runtime/lua/vim/lsp/rpc.lua
[09:37:27.398][info] [#0:script/workspace/loading.lua:101]: Preload file at: file:///opt/homebrew/Cellar/neovim/0.9.0/share/nvim/runtime/lua/vim/lsp/semantic_tokens.lua , size = 24.755 KB
[09:37:27.409][info] [#0:script/workspace/loading.lua:113]: ++++As library of:	file:///opt/homebrew/Cellar/neovim/0.9.0/share/nvim/runtime/lua
[09:37:27.409][info] [#0:script/workspace/loading.lua:98]: Skip loaded file: file:///opt/homebrew/Cellar/neovim/0.9.0/share/nvim/runtime/lua/vim/lsp/semantic_tokens.lua
[09:37:27.409][info] [#0:script/workspace/loading.lua:101]: Preload file at: file:///opt/homebrew/Cellar/neovim/0.9.0/share/nvim/runtime/lua/vim/lsp/tagfunc.lua , size = 2.339 KB
[09:37:27.410][info] [#0:script/workspace/loading.lua:113]: ++++As library of:	file:///opt/homebrew/Cellar/neovim/0.9.0/share/nvim/runtime/lua
[09:37:27.410][info] [#0:script/workspace/loading.lua:98]: Skip loaded file: file:///opt/homebrew/Cellar/neovim/0.9.0/share/nvim/runtime/lua/vim/lsp/tagfunc.lua
[09:37:27.410][info] [#0:script/workspace/loading.lua:101]: Preload file at: file:///opt/homebrew/Cellar/neovim/0.9.0/share/nvim/runtime/lua/vim/fs.lua , size = 10.662 KB
[09:37:27.413][info] [#0:script/workspace/loading.lua:113]: ++++As library of:	file:///opt/homebrew/Cellar/neovim/0.9.0/share/nvim/runtime/lua
[09:37:27.413][info] [#0:script/workspace/loading.lua:98]: Skip loaded file: file:///opt/homebrew/Cellar/neovim/0.9.0/share/nvim/runtime/lua/vim/fs.lua
[09:37:27.413][info] [#0:script/workspace/loading.lua:101]: Preload file at: file:///opt/homebrew/Cellar/neovim/0.9.0/share/nvim/runtime/lua/vim/inspect.lua , size = 8.864 KB
[09:37:27.415][info] [#0:script/workspace/loading.lua:113]: ++++As library of:	file:///opt/homebrew/Cellar/neovim/0.9.0/share/nvim/runtime/lua
[09:37:27.415][info] [#0:script/workspace/loading.lua:98]: Skip loaded file: file:///opt/homebrew/Cellar/neovim/0.9.0/share/nvim/runtime/lua/vim/inspect.lua
[09:37:27.415][info] [#0:script/workspace/loading.lua:101]: Preload file at: file:///opt/homebrew/Cellar/neovim/0.9.0/share/nvim/runtime/lua/vim/lsp.lua , size = 82.409 KB
[09:37:27.432][info] [#0:script/workspace/loading.lua:113]: ++++As library of:	file:///opt/homebrew/Cellar/neovim/0.9.0/share/nvim/runtime/lua
[09:37:27.432][info] [#0:script/workspace/loading.lua:98]: Skip loaded file: file:///opt/homebrew/Cellar/neovim/0.9.0/share/nvim/runtime/lua/vim/lsp.lua
[09:37:27.432][info] [#0:script/workspace/loading.lua:101]: Preload file at: file:///opt/homebrew/Cellar/neovim/0.9.0/share/nvim/runtime/lua/vim/filetype/detect.lua , size = 47.479 KB
[09:37:27.444][info] [#0:script/workspace/loading.lua:113]: ++++As library of:	file:///opt/homebrew/Cellar/neovim/0.9.0/share/nvim/runtime/lua
[09:37:27.444][info] [#0:script/workspace/loading.lua:98]: Skip loaded file: file:///opt/homebrew/Cellar/neovim/0.9.0/share/nvim/runtime/lua/vim/filetype/detect.lua
[09:37:27.444][info] [#0:script/workspace/loading.lua:101]: Preload file at: file:///opt/homebrew/Cellar/neovim/0.9.0/share/nvim/runtime/lua/vim/filetype/options.lua , size = 2.561 KB
[09:37:27.444][info] [#0:script/workspace/loading.lua:113]: ++++As library of:	file:///opt/homebrew/Cellar/neovim/0.9.0/share/nvim/runtime/lua
[09:37:27.445][info] [#0:script/workspace/loading.lua:98]: Skip loaded file: file:///opt/homebrew/Cellar/neovim/0.9.0/share/nvim/runtime/lua/vim/filetype/options.lua
[09:37:27.445][info] [#0:script/workspace/loading.lua:101]: Preload file at: file:///opt/homebrew/Cellar/neovim/0.9.0/share/nvim/runtime/lua/vim/version.lua , size = 12.146 KB
[09:37:27.448][info] [#0:script/workspace/loading.lua:113]: ++++As library of:	file:///opt/homebrew/Cellar/neovim/0.9.0/share/nvim/runtime/lua
[09:37:27.448][info] [#0:script/workspace/loading.lua:98]: Skip loaded file: file:///opt/homebrew/Cellar/neovim/0.9.0/share/nvim/runtime/lua/vim/version.lua
[09:37:27.448][info] [#0:script/workspace/loading.lua:101]: Preload file at: file:///opt/homebrew/Cellar/neovim/0.9.0/share/nvim/runtime/lua/vim/uri.lua , size = 3.376 KB
[09:37:27.449][info] [#0:script/workspace/loading.lua:113]: ++++As library of:	file:///opt/homebrew/Cellar/neovim/0.9.0/share/nvim/runtime/lua
[09:37:27.449][info] [#0:script/workspace/loading.lua:98]: Skip loaded file: file:///opt/homebrew/Cellar/neovim/0.9.0/share/nvim/runtime/lua/vim/uri.lua
[09:37:27.449][info] [#0:script/workspace/loading.lua:101]: Preload file at: file:///opt/homebrew/Cellar/neovim/0.9.0/share/nvim/runtime/lua/vim/treesitter.lua , size = 15.442 KB
[09:37:27.453][info] [#0:script/workspace/loading.lua:113]: ++++As library of:	file:///opt/homebrew/Cellar/neovim/0.9.0/share/nvim/runtime/lua
[09:37:27.453][info] [#0:script/workspace/loading.lua:98]: Skip loaded file: file:///opt/homebrew/Cellar/neovim/0.9.0/share/nvim/runtime/lua/vim/treesitter.lua
[09:37:27.453][info] [#0:script/workspace/loading.lua:101]: Preload file at: file:///opt/homebrew/Cellar/neovim/0.9.0/share/nvim/runtime/lua/vim/ui.lua , size = 3.672 KB
[09:37:27.454][info] [#0:script/workspace/loading.lua:113]: ++++As library of:	file:///opt/homebrew/Cellar/neovim/0.9.0/share/nvim/runtime/lua
[09:37:27.454][info] [#0:script/workspace/loading.lua:98]: Skip loaded file: file:///opt/homebrew/Cellar/neovim/0.9.0/share/nvim/runtime/lua/vim/ui.lua
[09:37:27.454][info] [#0:script/workspace/loading.lua:101]: Preload file at: file:///opt/homebrew/Cellar/neovim/0.9.0/share/nvim/runtime/lua/vim/_init_packages.lua , size = 2.773 KB
[09:37:27.455][info] [#0:script/workspace/loading.lua:113]: ++++As library of:	file:///opt/homebrew/Cellar/neovim/0.9.0/share/nvim/runtime/lua
[09:37:27.455][info] [#0:script/workspace/loading.lua:98]: Skip loaded file: file:///opt/homebrew/Cellar/neovim/0.9.0/share/nvim/runtime/lua/vim/_init_packages.lua
[09:37:27.455][info] [#0:script/workspace/loading.lua:101]: Preload file at: file:///opt/homebrew/Cellar/neovim/0.9.0/share/nvim/runtime/lua/vim/filetype.lua , size = 74.400 KB
[09:37:27.472][info] [#0:script/workspace/loading.lua:113]: ++++As library of:	file:///opt/homebrew/Cellar/neovim/0.9.0/share/nvim/runtime/lua
[09:37:27.472][info] [#0:script/workspace/loading.lua:98]: Skip loaded file: file:///opt/homebrew/Cellar/neovim/0.9.0/share/nvim/runtime/lua/vim/filetype.lua
[09:37:27.472][info] [#0:script/workspace/loading.lua:101]: Preload file at: file:///opt/homebrew/Cellar/neovim/0.9.0/share/nvim/runtime/lua/vim/_watch.lua , size = 5.115 KB
[09:37:27.473][info] [#0:script/workspace/loading.lua:113]: ++++As library of:	file:///opt/homebrew/Cellar/neovim/0.9.0/share/nvim/runtime/lua
[09:37:27.473][info] [#0:script/workspace/loading.lua:98]: Skip loaded file: file:///opt/homebrew/Cellar/neovim/0.9.0/share/nvim/runtime/lua/vim/_watch.lua
[09:37:27.473][info] [#0:script/workspace/loading.lua:101]: Preload file at: file:///opt/homebrew/Cellar/neovim/0.9.0/share/nvim/runtime/lua/vim/F.lua , size = 0.824 KB
[09:37:27.474][info] [#0:script/workspace/loading.lua:113]: ++++As library of:	file:///opt/homebrew/Cellar/neovim/0.9.0/share/nvim/runtime/lua
[09:37:27.474][info] [#0:script/workspace/loading.lua:98]: Skip loaded file: file:///opt/homebrew/Cellar/neovim/0.9.0/share/nvim/runtime/lua/vim/F.lua
[09:37:27.474][info] [#0:script/workspace/loading.lua:101]: Preload file at: file:///opt/homebrew/Cellar/neovim/0.9.0/share/nvim/runtime/lua/nvim/health.lua , size = 12.706 KB
[09:37:27.477][info] [#0:script/workspace/loading.lua:113]: ++++As library of:	file:///opt/homebrew/Cellar/neovim/0.9.0/share/nvim/runtime/lua
[09:37:27.477][info] [#0:script/workspace/loading.lua:98]: Skip loaded file: file:///opt/homebrew/Cellar/neovim/0.9.0/share/nvim/runtime/lua/nvim/health.lua
[09:37:27.477][info] [#0:script/workspace/loading.lua:101]: Preload file at: file:///opt/homebrew/Cellar/neovim/0.9.0/share/nvim/runtime/lua/man.lua , size = 24.703 KB
[09:37:27.492][info] [#0:script/workspace/loading.lua:113]: ++++As library of:	file:///opt/homebrew/Cellar/neovim/0.9.0/share/nvim/runtime/lua
[09:37:27.492][info] [#0:script/workspace/loading.lua:98]: Skip loaded file: file:///opt/homebrew/Cellar/neovim/0.9.0/share/nvim/runtime/lua/man.lua
[09:37:27.492][info] [#0:script/workspace/loading.lua:101]: Preload file at: file:///opt/homebrew/Cellar/neovim/0.9.0/share/nvim/runtime/lua/_vim9script.lua , size = 15.439 KB
[09:37:27.497][info] [#0:script/workspace/loading.lua:113]: ++++As library of:	file:///opt/homebrew/Cellar/neovim/0.9.0/share/nvim/runtime/lua
[09:37:27.497][info] [#0:script/workspace/loading.lua:98]: Skip loaded file: file:///opt/homebrew/Cellar/neovim/0.9.0/share/nvim/runtime/lua/_vim9script.lua
[09:37:27.497][info] [#0:script/workspace/loading.lua:101]: Preload file at: file:///opt/homebrew/Cellar/neovim/0.9.0/share/nvim/runtime/lua/editorconfig.lua , size = 6.716 KB
[09:37:27.499][info] [#0:script/workspace/loading.lua:113]: ++++As library of:	file:///opt/homebrew/Cellar/neovim/0.9.0/share/nvim/runtime/lua
[09:37:27.499][info] [#0:script/workspace/loading.lua:98]: Skip loaded file: file:///opt/homebrew/Cellar/neovim/0.9.0/share/nvim/runtime/lua/editorconfig.lua
[09:37:27.499][info] [#0:script/workspace/loading.lua:101]: Preload file at: file:///Users/travis_erard/dotfiles/nvim/.config/nvim/lua/travhimself/init.lua , size = 0.412 KB
[09:37:27.499][info] [#0:script/workspace/loading.lua:101]: Preload file at: file:///Users/travis_erard/dotfiles/nvim/.config/nvim/lua/travhimself/emmet.lua , size = 0.665 KB
[09:37:27.499][info] [#0:script/workspace/loading.lua:101]: Preload file at: file:///Users/travis_erard/dotfiles/nvim/.config/nvim/lua/travhimself/ruby.lua , size = 0.863 KB
[09:37:27.499][info] [#0:script/workspace/loading.lua:173]: Loaded files takes [0.297] sec: <fallback>
[09:37:27.499][info] [#0:script/workspace/loading.lua:182]: Compile files takes [0.000] sec: <fallback>
[09:37:27.499][info] [#0:script/workspace/loading.lua:183]: Loaded finish:	<fallback>
[09:37:27.499][info] [#0:script/workspace/workspace.lua:379]: Preload finish at:	<fallback>
[09:37:27.505][info] [#0:script/workspace/loading.lua:101]: Preload file at: file:///Users/travis_erard/dotfiles/nvim/.config/nvim/lua/travhimself/worktrees.lua , size = 0.796 KB
[09:37:27.506][info] [#0:script/workspace/loading.lua:89]: Skip loaded file: file:///Users/travis_erard/dotfiles/nvim/.config/nvim/lua/travhimself/packer.lua
[09:37:27.609][info] [#0:script/workspace/loading.lua:101]: Preload file at: file:///Users/travis_erard/dotfiles/nvim/.config/nvim/lua/travhimself/set.lua , size = 1.419 KB
[09:37:27.610][info] [#0:script/workspace/loading.lua:101]: Preload file at: file:///Users/travis_erard/dotfiles/nvim/.config/nvim/lua/travhimself/remap.lua , size = 5.231 KB
[09:37:27.718][info] [#0:script/workspace/loading.lua:173]: Loaded files takes [0.307] sec: file:///Users/travis_erard/dotfiles/nvim/.config/nvim/lua/
[09:37:27.718][info] [#0:script/workspace/loading.lua:182]: Compile files takes [0.000] sec: file:///Users/travis_erard/dotfiles/nvim/.config/nvim/lua/
[09:37:27.719][info] [#0:script/workspace/loading.lua:183]: Loaded finish:	file:///Users/travis_erard/dotfiles/nvim/.config/nvim/lua/
[09:37:27.719][info] [#0:script/workspace/workspace.lua:379]: Preload finish at:	file:///Users/travis_erard/dotfiles/nvim/.config/nvim/lua/
[09:37:27.741][info] [#0:script/provider/diagnostic.lua:557]: Diagnostics scope [file:///Users/travis_erard/dotfiles/nvim/.config/nvim/lua/], files count:[83]
[09:37:27.807][info] [#0:script/provider/diagnostic.lua:574]: Diagnostics scope [file:///Users/travis_erard/dotfiles/nvim/.config/nvim/lua/] finished, takes [0.064] sec.
[09:38:33.159][info] [#0:script/workspace/workspace.lua:282]: Scan files at:	file:///Users/travis_erard/dotfiles/nvim/.config/nvim/lua/travhimself/packer.lua
[09:38:33.160][info] [#0:script/workspace/loading.lua:161]: Load files from disk:	file:///Users/travis_erard/dotfiles/nvim/.config/nvim/lua/travhimself/packer.lua
[09:38:33.160][info] [#0:script/workspace/loading.lua:89]: Skip loaded file: file:///Users/travis_erard/dotfiles/nvim/.config/nvim/lua/travhimself/packer.lua
[09:38:33.160][info] [#0:script/workspace/loading.lua:173]: Loaded files takes [0.000] sec: file:///Users/travis_erard/dotfiles/nvim/.config/nvim/lua/travhimself/packer.lua
[09:38:33.161][info] [#0:script/workspace/loading.lua:182]: Compile files takes [0.000] sec: file:///Users/travis_erard/dotfiles/nvim/.config/nvim/lua/travhimself/packer.lua
[09:38:33.161][info] [#0:script/workspace/loading.lua:183]: Loaded finish:	file:///Users/travis_erard/dotfiles/nvim/.config/nvim/lua/travhimself/packer.lua
[09:38:35.269][info] [#0:script/provider/diagnostic.lua:557]: Diagnostics scope [file:///Users/travis_erard/dotfiles/nvim/.config/nvim/lua/], files count:[83]
[09:38:35.361][info] [#0:script/provider/diagnostic.lua:574]: Diagnostics scope [file:///Users/travis_erard/dotfiles/nvim/.config/nvim/lua/] finished, takes [0.093] sec.
[09:38:50.242][info] [#0:script/workspace/workspace.lua:282]: Scan files at:	file:///Users/travis_erard/dotfiles/nvim/.config/nvim/lua/travhimself/packer.lua
[09:38:50.242][info] [#0:script/workspace/loading.lua:161]: Load files from disk:	file:///Users/travis_erard/dotfiles/nvim/.config/nvim/lua/travhimself/packer.lua
[09:38:50.242][info] [#0:script/workspace/loading.lua:89]: Skip loaded file: file:///Users/travis_erard/dotfiles/nvim/.config/nvim/lua/travhimself/packer.lua
[09:38:50.243][info] [#0:script/workspace/loading.lua:173]: Loaded files takes [0.000] sec: file:///Users/travis_erard/dotfiles/nvim/.config/nvim/lua/travhimself/packer.lua
[09:38:50.243][info] [#0:script/workspace/loading.lua:182]: Compile files takes [0.000] sec: file:///Users/travis_erard/dotfiles/nvim/.config/nvim/lua/travhimself/packer.lua
[09:38:50.243][info] [#0:script/workspace/loading.lua:183]: Loaded finish:	file:///Users/travis_erard/dotfiles/nvim/.config/nvim/lua/travhimself/packer.lua
[09:38:53.243][info] [#0:script/provider/diagnostic.lua:557]: Diagnostics scope [file:///Users/travis_erard/dotfiles/nvim/.config/nvim/lua/], files count:[83]
[09:38:53.314][info] [#0:script/provider/diagnostic.lua:574]: Diagnostics scope [file:///Users/travis_erard/dotfiles/nvim/.config/nvim/lua/] finished, takes [0.071] sec.
[09:40:17.513][info] [#0:script/workspace/workspace.lua:282]: Scan files at:	file:///Users/travis_erard/dotfiles/nvim/.config/nvim/lua/travhimself/packer.lua
[09:40:17.515][info] [#0:script/workspace/loading.lua:161]: Load files from disk:	file:///Users/travis_erard/dotfiles/nvim/.config/nvim/lua/travhimself/packer.lua
[09:40:17.515][info] [#0:script/workspace/loading.lua:89]: Skip loaded file: file:///Users/travis_erard/dotfiles/nvim/.config/nvim/lua/travhimself/packer.lua
[09:40:17.515][info] [#0:script/workspace/loading.lua:173]: Loaded files takes [0.000] sec: file:///Users/travis_erard/dotfiles/nvim/.config/nvim/lua/travhimself/packer.lua
[09:40:17.515][info] [#0:script/workspace/loading.lua:182]: Compile files takes [0.000] sec: file:///Users/travis_erard/dotfiles/nvim/.config/nvim/lua/travhimself/packer.lua
[09:40:17.515][info] [#0:script/workspace/loading.lua:183]: Loaded finish:	file:///Users/travis_erard/dotfiles/nvim/.config/nvim/lua/travhimself/packer.lua
[09:40:19.623][info] [#0:script/provider/diagnostic.lua:557]: Diagnostics scope [file:///Users/travis_erard/dotfiles/nvim/.config/nvim/lua/], files count:[83]
[09:40:19.696][info] [#0:script/provider/diagnostic.lua:574]: Diagnostics scope [file:///Users/travis_erard/dotfiles/nvim/.config/nvim/lua/] finished, takes [0.074] sec.
[09:41:15.747][info] [#0:script/workspace/workspace.lua:282]: Scan files at:	file:///Users/travis_erard/dotfiles/nvim/.config/nvim/lua/travhimself/packer.lua
[09:41:15.748][info] [#0:script/workspace/loading.lua:161]: Load files from disk:	file:///Users/travis_erard/dotfiles/nvim/.config/nvim/lua/travhimself/packer.lua
[09:41:15.748][info] [#0:script/workspace/loading.lua:89]: Skip loaded file: file:///Users/travis_erard/dotfiles/nvim/.config/nvim/lua/travhimself/packer.lua
[09:41:15.748][info] [#0:script/workspace/loading.lua:173]: Loaded files takes [0.000] sec: file:///Users/travis_erard/dotfiles/nvim/.config/nvim/lua/travhimself/packer.lua
[09:41:15.748][info] [#0:script/workspace/loading.lua:182]: Compile files takes [0.000] sec: file:///Users/travis_erard/dotfiles/nvim/.config/nvim/lua/travhimself/packer.lua
[09:41:15.748][info] [#0:script/workspace/loading.lua:183]: Loaded finish:	file:///Users/travis_erard/dotfiles/nvim/.config/nvim/lua/travhimself/packer.lua
[09:41:17.902][info] [#0:script/provider/diagnostic.lua:557]: Diagnostics scope [file:///Users/travis_erard/dotfiles/nvim/.config/nvim/lua/], files count:[83]
[09:41:17.984][info] [#0:script/provider/diagnostic.lua:574]: Diagnostics scope [file:///Users/travis_erard/dotfiles/nvim/.config/nvim/lua/] finished, takes [0.083] sec.
[09:47:18.038][info] [#0:script/provider/provider.lua:169]: Server shutdown.
[09:47:18.140][info] [#0:script/provider/provider.lua:162]: Server exited.
